<?xml version="1.0" encoding="UTF-8"?>
<!-- Generated by org.testng.reporters.JUnitXMLReporter -->
<testsuite ignored="0" hostname="DESKTOP-8AF4MIK" failures="1" tests="1" name="LoginTest_Chrome" time="8.203" errors="0" timestamp="2024-11-19T16:18:11 IST">
  <testcase classname="testPackage.TC_001_Login2" name="validatelogin" time="2.474">
    <failure type="java.lang.AssertionError" message="expected [Invalid ] but found [Invalid Credentials]">
      <![CDATA[java.lang.AssertionError: expected [Invalid ] but found [Invalid Credentials]
at pageObjects.PG_001_Login.verifytoastmessage(PG_001_Login.java:120)
at testPackage.TC_001_Login2.validatelogin(TC_001_Login2.java:31)
at java.base/java.util.concurrent.ThreadPoolExecutor.runWorker(ThreadPoolExecutor.java:1144)
at java.base/java.util.concurrent.ThreadPoolExecutor$Worker.run(ThreadPoolExecutor.java:642)
at java.base/java.lang.Thread.run(Thread.java:1583)
... Removed 13 stack frames]]>
    </failure>
  </testcase> <!-- validatelogin -->
</testsuite> <!-- LoginTest_Chrome -->
