<?xml version="1.0" encoding="UTF-8"?>
<testng-results ignored="0" total="1" passed="0" failed="1" skipped="0">
  <reporter-output>
  </reporter-output>
  <suite started-at="2024-11-27T16:59:50 IST" name="Suite" finished-at="2024-11-27T16:59:52 IST" duration-ms="1763">
    <groups>
    </groups>
    <test started-at="2024-11-27T16:59:50 IST" name="LoginTest_Chrome" finished-at="2024-11-27T16:59:52 IST" duration-ms="1763">
      <class name="testPackage.TC_002_Recordings">
        <test-method is-config="true" signature="startReports()[pri:0, instance:testPackage.TC_002_Recordings@4135c3b]" started-at="2024-11-27T16:59:50 IST" name="startReports" finished-at="2024-11-27T16:59:50 IST" duration-ms="615" status="PASS">
          <reporter-output>
          </reporter-output>
        </test-method> <!-- startReports -->
        <test-method is-config="true" signature="testcasedetails()[pri:0, instance:testPackage.TC_002_Recordings@4135c3b]" started-at="2024-11-27T16:59:50 IST" name="testcasedetails" finished-at="2024-11-27T16:59:50 IST" duration-ms="5" status="PASS">
          <reporter-output>
          </reporter-output>
        </test-method> <!-- testcasedetails -->
        <test-method signature="validate_recordings(java.lang.String,java.lang.String,java.lang.String,java.lang.String,java.lang.String,java.lang.String,java.lang.String,java.lang.String)[pri:0, instance:testPackage.TC_002_Recordings@4135c3b]" started-at="2024-11-27T16:59:50 IST" name="validate_recordings" data-provider="sendData" finished-at="2024-11-27T16:59:52 IST" duration-ms="1639" status="FAIL">
          <exception class="org.testng.internal.reflect.MethodMatcherException">
            <message>
              <![CDATA[
[public void testPackage.TC_002_Recordings.validate_recordings(java.lang.String,java.lang.String,java.lang.String,java.lang.String,java.lang.String,java.lang.String,java.lang.String,java.lang.String) throws java.lang.InterruptedException] has no parameters defined but was found to be using a data provider (either explicitly specified or inherited from class level annotation).
Data provider mismatch
Method: validate_recordings([java.lang.String arg0, java.lang.String arg1, java.lang.String arg2, java.lang.String arg3, java.lang.String arg4, java.lang.String arg5, java.lang.String arg6, java.lang.String arg7])
Arguments: [(java.lang.String) Validate login feature with valid credentials and filestatus Flow,(java.lang.String) Teju,(java.lang.String) Regression,(java.lang.String) thejaswini+devscribe@navadhiti.com,(java.lang.String) Teju@5555,(java.lang.String) Positive,(java.lang.String) Teju two,(java.lang.String) `27/09/2024`,(java.lang.String) ,(java.lang.String) ]]]>
            </message>
            <full-stacktrace>
              <![CDATA[org.testng.internal.reflect.MethodMatcherException: 
[public void testPackage.TC_002_Recordings.validate_recordings(java.lang.String,java.lang.String,java.lang.String,java.lang.String,java.lang.String,java.lang.String,java.lang.String,java.lang.String) throws java.lang.InterruptedException] has no parameters defined but was found to be using a data provider (either explicitly specified or inherited from class level annotation).
Data provider mismatch
Method: validate_recordings([java.lang.String arg0, java.lang.String arg1, java.lang.String arg2, java.lang.String arg3, java.lang.String arg4, java.lang.String arg5, java.lang.String arg6, java.lang.String arg7])
Arguments: [(java.lang.String) Validate login feature with valid credentials and filestatus Flow,(java.lang.String) Teju,(java.lang.String) Regression,(java.lang.String) thejaswini+devscribe@navadhiti.com,(java.lang.String) Teju@5555,(java.lang.String) Positive,(java.lang.String) Teju two,(java.lang.String) `27/09/2024`,(java.lang.String) ,(java.lang.String) ]
at org.testng.internal.reflect.DataProviderMethodMatcher.getConformingArguments(DataProviderMethodMatcher.java:46)
at org.testng.internal.Parameters.injectParameters(Parameters.java:915)
at org.testng.internal.invokers.MethodRunner.runInSequence(MethodRunner.java:50)
at org.testng.internal.invokers.TestInvoker$MethodInvocationAgent.invoke(TestInvoker.java:992)
at org.testng.internal.invokers.TestInvoker.invokeTestMethods(TestInvoker.java:203)
at org.testng.internal.invokers.TestMethodWorker.invokeTestMethods(TestMethodWorker.java:154)
at org.testng.internal.invokers.TestMethodWorker.run(TestMethodWorker.java:134)
at java.base/java.util.concurrent.Executors$RunnableAdapter.call(Executors.java:539)
at java.base/java.util.concurrent.FutureTask.run(FutureTask.java:264)
at org.testng.internal.thread.graph.TestNGFutureTask.run(TestNGFutureTask.java:22)
at java.base/java.util.concurrent.ThreadPoolExecutor.runWorker(ThreadPoolExecutor.java:1136)
at java.base/java.util.concurrent.ThreadPoolExecutor$Worker.run(ThreadPoolExecutor.java:635)
at java.base/java.lang.Thread.run(Thread.java:840)
]]>
            </full-stacktrace>
          </exception> <!-- org.testng.internal.reflect.MethodMatcherException -->
          <reporter-output>
          </reporter-output>
        </test-method> <!-- validate_recordings -->
        <test-method is-config="true" signature="stopReports()[pri:0, instance:testPackage.TC_002_Recordings@4135c3b]" started-at="2024-11-27T16:59:52 IST" name="stopReports" finished-at="2024-11-27T16:59:53 IST" duration-ms="970" status="PASS">
          <reporter-output>
          </reporter-output>
        </test-method> <!-- stopReports -->
      </class> <!-- testPackage.TC_002_Recordings -->
    </test> <!-- LoginTest_Chrome -->
  </suite> <!-- Suite -->
</testng-results>
